<?xml version="1.0" encoding="UTF-8"?>
<testng-results skipped="0" failed="0" ignored="0" total="1" passed="1">
  <reporter-output>
    <line>
      <![CDATA[Chrome]]>
    </line>
  </reporter-output>
  <suite name="Suite" duration-ms="13632" started-at="2021-08-19T13:13:41 IST" finished-at="2021-08-19T13:13:54 IST">
    <groups>
      <group name="cucumber">
        <method signature="TestRunner.feature(cucumber.api.testng.CucumberFeatureWrapper)[pri:0, instance:com.automation.runners.TestRunner@6a03bcb1]" name="feature" class="com.automation.runners.TestRunner"/>
      </group> <!-- cucumber -->
    </groups>
    <test name="Test" duration-ms="13632" started-at="2021-08-19T13:13:41 IST" finished-at="2021-08-19T13:13:54 IST">
      <class name="com.automation.runners.TestRunner">
        <test-method status="PASS" signature="setUpClass()[pri:0, instance:com.automation.runners.TestRunner@6a03bcb1]" name="setUpClass" is-config="true" duration-ms="197" started-at="2021-08-19T13:13:41 IST" finished-at="2021-08-19T13:13:41 IST">
          <reporter-output>
          </reporter-output>
        </test-method> <!-- setUpClass -->
        <test-method status="PASS" signature="feature(cucumber.api.testng.CucumberFeatureWrapper)[pri:0, instance:com.automation.runners.TestRunner@6a03bcb1]" name="feature" duration-ms="12954" started-at="2021-08-19T13:13:41 IST" description="Runs Cucumber Feature" data-provider="features" finished-at="2021-08-19T13:13:54 IST">
          <params>
            <param index="0">
              <value>
                <![CDATA[ILO Normes Application Functionality- Create Article 22 Step 3 and 4 report set]]>
              </value>
            </param>
          </params>
          <reporter-output>
            <line>
              <![CDATA[Chrome]]>
            </line>
          </reporter-output>
        </test-method> <!-- feature -->
        <test-method status="PASS" signature="tearDownClass()[pri:0, instance:com.automation.runners.TestRunner@6a03bcb1]" name="tearDownClass" is-config="true" duration-ms="364" started-at="2021-08-19T13:13:54 IST" finished-at="2021-08-19T13:13:54 IST">
          <reporter-output>
          </reporter-output>
        </test-method> <!-- tearDownClass -->
      </class> <!-- com.automation.runners.TestRunner -->
    </test> <!-- Test -->
  </suite> <!-- Suite -->
</testng-results>
